2026-02-03 20:14:43,148 - INFO - 随机森林预测器导入成功
2026-02-03 20:14:47,486 - INFO - GNN预测器导入成功
2026-02-03 20:14:48,213 - INFO - 正在加载模型: C:\Users\dadamingli\Desktop\ai-egfr-platform\gcn_egfr_best_model.pth
2026-02-03 20:14:48,264 - INFO - 初始化GCN模型: 12 -> 128 -> 1
2026-02-03 20:14:48,274 - INFO - ✓ 模型参数加载成功（严格模式）
2026-02-03 20:14:48,276 - INFO - 模型总参数量: 43,521
2026-02-03 20:14:48,277 - INFO - ✅ GCN预测器初始化完成，使用设备: cpu
2026-02-03 20:15:13,061 - INFO - 随机森林预测器导入成功
2026-02-03 20:15:13,063 - INFO - GNN预测器导入成功
2026-02-03 20:15:13,263 - INFO - 随机森林预测器导入成功
2026-02-03 20:15:13,267 - INFO - GNN预测器导入成功
2026-02-03 20:15:44,244 - INFO - 随机森林预测器导入成功
2026-02-03 20:15:44,247 - INFO - GNN预测器导入成功
2026-02-03 20:15:45,252 - INFO - 随机森林预测器导入成功
2026-02-03 20:15:45,253 - INFO - GNN预测器导入成功
2026-02-03 20:15:46,737 - INFO - 随机森林预测器导入成功
2026-02-03 20:15:46,739 - INFO - GNN预测器导入成功
2026-02-03 20:15:48,654 - INFO - 随机森林预测器导入成功
2026-02-03 20:15:48,656 - INFO - GNN预测器导入成功
2026-02-03 20:15:49,402 - INFO - 随机森林预测器导入成功
2026-02-03 20:15:49,404 - INFO - GNN预测器导入成功
2026-02-03 20:15:50,184 - INFO - 随机森林预测器导入成功
2026-02-03 20:15:50,186 - INFO - GNN预测器导入成功
2026-02-03 20:15:53,170 - INFO - 随机森林预测器导入成功
2026-02-03 20:15:53,172 - INFO - GNN预测器导入成功
2026-02-03 20:15:53,877 - INFO - 随机森林预测器导入成功
2026-02-03 20:15:53,882 - INFO - GNN预测器导入成功
2026-02-03 20:15:56,578 - INFO - 随机森林预测器导入成功
2026-02-03 20:15:56,583 - INFO - GNN预测器导入成功
2026-02-03 20:15:57,644 - INFO - 随机森林预测器导入成功
2026-02-03 20:15:57,647 - INFO - GNN预测器导入成功
2026-02-03 20:15:58,422 - INFO - 随机森林预测器导入成功
2026-02-03 20:15:58,424 - INFO - GNN预测器导入成功
2026-02-03 20:15:59,264 - INFO - 随机森林预测器导入成功
2026-02-03 20:15:59,278 - INFO - GNN预测器导入成功
2026-02-03 20:16:00,828 - INFO - 随机森林预测器导入成功
2026-02-03 20:16:00,838 - INFO - GNN预测器导入成功
2026-02-03 20:16:01,073 - INFO - 随机森林预测器导入成功
2026-02-03 20:16:01,080 - INFO - GNN预测器导入成功
2026-02-03 20:16:02,377 - INFO - 随机森林预测器导入成功
2026-02-03 20:16:02,381 - INFO - GNN预测器导入成功
2026-02-03 20:16:06,890 - INFO - 随机森林预测器导入成功
2026-02-03 20:16:06,896 - INFO - GNN预测器导入成功
2026-02-03 20:16:07,757 - INFO - 随机森林预测器导入成功
2026-02-03 20:16:07,761 - INFO - GNN预测器导入成功
2026-02-03 20:16:07,883 - INFO - 预测成功: Brc1cccc(Nc2ncnc3cc4ccccc4cc23... -> 活性 (0.961)
2026-02-03 20:16:07,898 - WARNING - 分子结构显示失败: DLL load failed while importing rdMolDraw2D: 找不到指定的模块。
2026-02-03 20:16:14,340 - INFO - 随机森林预测器导入成功
2026-02-03 20:16:14,352 - INFO - GNN预测器导入成功
2026-02-03 20:16:14,390 - INFO - 预测成功: Brc1cccc(Nc2ncnc3cc4ccccc4cc23... -> 活性 (0.961)
2026-02-03 20:16:23,069 - INFO - 随机森林预测器导入成功
2026-02-03 20:16:23,077 - INFO - GNN预测器导入成功
2026-02-03 20:16:29,906 - INFO - 随机森林预测器导入成功
2026-02-03 20:16:29,908 - INFO - 随机森林预测器导入成功
2026-02-03 20:16:30,116 - INFO - GNN预测器导入成功
2026-02-03 20:16:30,403 - INFO - 随机森林预测器导入成功
2026-02-03 20:16:30,407 - INFO - GNN预测器导入成功
2026-02-03 20:16:30,452 - INFO - 预测成功: Brc1cccc(Nc2ncnc3cc4ccccc4cc23... -> 活性 (0.961)
2026-02-03 20:16:32,431 - INFO - 随机森林预测器导入成功
2026-02-03 20:16:32,435 - INFO - GNN预测器导入成功
2026-02-03 20:16:33,895 - INFO - 随机森林预测器导入成功
2026-02-03 20:16:33,898 - INFO - GNN预测器导入成功
2026-02-03 20:16:33,933 - INFO - 预测成功: Brc1cccc(Nc2ncnc3cc4ccccc4cc23... -> 活性 (0.961)
2026-02-03 20:16:33,951 - WARNING - 分子结构显示失败: DLL load failed while importing rdMolDraw2D: 找不到指定的模块。
2026-02-03 20:16:35,803 - INFO - 随机森林预测器导入成功
2026-02-03 20:16:35,809 - INFO - GNN预测器导入成功
2026-02-03 20:16:37,154 - INFO - 随机森林预测器导入成功
2026-02-03 20:16:37,160 - INFO - GNN预测器导入成功
2026-02-03 20:16:37,216 - INFO - 预测成功: COC1=C(C=C2C(=C1)N=CN=C2C3=CC(... -> 活性 (0.901)
2026-02-03 20:16:58,722 - INFO - 随机森林预测器导入成功
2026-02-03 20:16:58,726 - INFO - GNN预测器导入成功
2026-02-03 20:16:58,996 - INFO - 随机森林预测器导入成功
2026-02-03 20:16:59,004 - INFO - GNN预测器导入成功
2026-02-03 20:16:59,798 - INFO - 随机森林预测器导入成功
2026-02-03 20:16:59,802 - INFO - GNN预测器导入成功
2026-02-03 20:17:11,144 - INFO - 随机森林预测器导入成功
2026-02-03 20:17:11,151 - INFO - GNN预测器导入成功
2026-02-03 20:17:12,303 - INFO - 随机森林预测器导入成功
2026-02-03 20:17:12,307 - INFO - GNN预测器导入成功
2026-02-03 20:17:30,892 - INFO - 随机森林预测器导入成功
2026-02-03 20:17:30,899 - INFO - GNN预测器导入成功
2026-02-03 20:18:24,805 - INFO - 随机森林预测器导入成功
2026-02-03 20:18:24,808 - INFO - GNN预测器导入成功
2026-02-03 20:18:25,888 - INFO - 随机森林预测器导入成功
2026-02-03 20:18:25,892 - INFO - GNN预测器导入成功
2026-02-03 20:18:25,938 - INFO - 预测成功: Brc1cccc(Nc2ncnc3cc4ccccc4cc23... -> 活性 (0.961)
2026-02-03 20:18:25,999 - WARNING - 分子结构显示失败: DLL load failed while importing rdMolDraw2D: 找不到指定的模块。
2026-02-03 20:18:31,522 - INFO - 随机森林预测器导入成功
2026-02-03 20:18:31,525 - INFO - GNN预测器导入成功
2026-02-03 20:20:50,544 - INFO - 随机森林预测器导入成功
2026-02-03 20:20:50,555 - INFO - GNN预测器导入成功
2026-02-03 20:20:54,605 - INFO - 随机森林预测器导入成功
2026-02-03 20:20:54,608 - INFO - GNN预测器导入成功
2026-02-03 20:20:54,718 - INFO - 预测结果已导出: egfr_prediction_20260203_202054.csv
2026-02-03 20:21:01,716 - INFO - 随机森林预测器导入成功
2026-02-03 20:21:01,721 - INFO - GNN预测器导入成功
2026-02-03 20:21:01,769 - INFO - 预测成功: Brc1cccc(Nc2ncnc3cc4ccccc4cc23... -> 活性 (0.961)
2026-02-03 20:21:01,791 - WARNING - 分子结构显示失败: DLL load failed while importing rdMolDraw2D: 找不到指定的模块。
2026-02-03 20:21:07,357 - INFO - 随机森林预测器导入成功
2026-02-03 20:21:07,360 - INFO - GNN预测器导入成功
2026-02-03 20:21:08,249 - INFO - 随机森林预测器导入成功
2026-02-03 20:21:08,253 - INFO - GNN预测器导入成功
2026-02-03 20:22:44,831 - INFO - 随机森林预测器导入成功
2026-02-03 20:22:44,847 - INFO - GNN预测器导入成功
2026-02-03 20:22:44,907 - INFO - 正在加载模型: C:\Users\dadamingli\Desktop\ai-egfr-platform\gcn_egfr_best_model.pth
2026-02-03 20:22:44,921 - INFO - 初始化GCN模型: 12 -> 128 -> 1
2026-02-03 20:22:44,930 - INFO - ✓ 模型参数加载成功（严格模式）
2026-02-03 20:22:44,938 - INFO - 模型总参数量: 43,521
2026-02-03 20:22:44,948 - INFO - ✅ GCN预测器初始化完成，使用设备: cpu
2026-02-03 20:22:47,068 - INFO - 随机森林预测器导入成功
2026-02-03 20:22:47,077 - INFO - GNN预测器导入成功
2026-02-03 20:22:53,975 - INFO - 随机森林预测器导入成功
2026-02-03 20:22:53,988 - INFO - GNN预测器导入成功
2026-02-03 20:22:59,669 - INFO - 随机森林预测器导入成功
2026-02-03 20:22:59,674 - INFO - GNN预测器导入成功
2026-02-03 20:22:59,928 - INFO - 随机森林预测器导入成功
2026-02-03 20:22:59,937 - INFO - GNN预测器导入成功
2026-02-03 20:23:01,207 - INFO - 随机森林预测器导入成功
2026-02-03 20:23:01,215 - INFO - GNN预测器导入成功
2026-02-03 20:23:02,495 - INFO - 随机森林预测器导入成功
2026-02-03 20:23:02,502 - INFO - GNN预测器导入成功
2026-02-03 20:23:06,377 - INFO - 随机森林预测器导入成功
2026-02-03 20:23:06,381 - INFO - GNN预测器导入成功
2026-02-03 20:23:07,794 - INFO - 随机森林预测器导入成功
2026-02-03 20:23:07,804 - INFO - GNN预测器导入成功
2026-02-03 20:23:08,034 - INFO - 预测成功: Brc1cccc(Nc2ncnc3cc4ccccc4cc23... -> 活性 (0.961)
2026-02-03 20:38:15,072 - INFO - 随机森林预测器导入成功
2026-02-03 20:38:24,588 - INFO - GNN预测器导入成功
2026-02-03 20:38:26,712 - INFO - 正在加载模型: C:\Users\dadamingli\Desktop\ai-egfr-platform\gcn_egfr_best_model.pth
2026-02-03 20:38:26,815 - INFO - 初始化GCN模型: 12 -> 128 -> 1
2026-02-03 20:38:26,851 - INFO - ✓ 模型参数加载成功（严格模式）
2026-02-03 20:38:26,862 - INFO - 模型总参数量: 43,521
2026-02-03 20:38:26,864 - INFO - ✅ GCN预测器初始化完成，使用设备: cpu
2026-02-03 20:38:33,428 - INFO - 随机森林预测器导入成功
2026-02-03 20:38:33,432 - INFO - GNN预测器导入成功
2026-02-03 20:38:40,000 - INFO - 随机森林预测器导入成功
2026-02-03 20:38:40,003 - INFO - GNN预测器导入成功
2026-02-03 20:38:52,343 - INFO - 随机森林预测器导入成功
2026-02-03 20:38:52,345 - INFO - GNN预测器导入成功
2026-02-03 20:38:56,281 - INFO - 随机森林预测器导入成功
2026-02-03 20:38:56,282 - INFO - GNN预测器导入成功
2026-02-03 20:38:57,728 - INFO - 随机森林预测器导入成功
2026-02-03 20:38:57,732 - INFO - GNN预测器导入成功
2026-02-03 20:38:59,244 - INFO - 随机森林预测器导入成功
2026-02-03 20:38:59,248 - INFO - GNN预测器导入成功
2026-02-03 20:39:00,438 - INFO - 随机森林预测器导入成功
2026-02-03 20:39:00,441 - INFO - GNN预测器导入成功
2026-02-03 20:39:02,192 - INFO - 随机森林预测器导入成功
2026-02-03 20:39:02,194 - INFO - GNN预测器导入成功
2026-02-03 20:39:02,791 - INFO - 随机森林预测器导入成功
2026-02-03 20:39:02,794 - INFO - GNN预测器导入成功
2026-02-03 20:39:37,432 - INFO - 随机森林预测器导入成功
2026-02-03 20:39:37,439 - INFO - GNN预测器导入成功
2026-02-03 20:39:44,764 - INFO - 随机森林预测器导入成功
2026-02-03 20:39:44,770 - INFO - GNN预测器导入成功
2026-02-03 20:39:50,719 - INFO - 随机森林预测器导入成功
2026-02-03 20:39:50,722 - INFO - GNN预测器导入成功
2026-02-03 20:39:58,391 - INFO - 随机森林预测器导入成功
2026-02-03 20:39:58,397 - INFO - GNN预测器导入成功
2026-02-03 20:39:58,538 - INFO - 预测成功: Brc1cccc(Nc2ncnc3cc4ccccc4cc23... -> 活性 (0.961)
2026-02-03 20:39:58,551 - WARNING - 分子结构显示失败: DLL load failed while importing rdMolDraw2D: 找不到指定的模块。
2026-02-03 20:40:05,390 - INFO - 随机森林预测器导入成功
2026-02-03 20:40:05,396 - INFO - GNN预测器导入成功
2026-02-03 20:40:07,361 - INFO - 随机森林预测器导入成功
2026-02-03 20:40:07,367 - INFO - GNN预测器导入成功
2026-02-03 20:40:07,580 - INFO - 预测成功: Brc1cccc(Nc2ncnc3cc4ccccc4cc23... -> 活性 (0.961)
2026-02-03 20:40:19,448 - INFO - 随机森林预测器导入成功
2026-02-03 20:40:19,454 - INFO - GNN预测器导入成功
2026-02-03 20:40:22,305 - INFO - 随机森林预测器导入成功
2026-02-03 20:40:22,310 - INFO - GNN预测器导入成功
2026-02-03 20:40:29,003 - INFO - 随机森林预测器导入成功
2026-02-03 20:40:29,008 - INFO - GNN预测器导入成功
2026-02-03 20:40:29,255 - INFO - 随机森林预测器导入成功
2026-02-03 20:40:29,264 - INFO - GNN预测器导入成功
2026-02-03 20:40:29,321 - INFO - 预测成功: CN1C=NC2=C1C(=O)N(C(=O)N2C)C... -> 非活性 (0.101)
2026-02-03 20:40:29,357 - WARNING - 分子结构显示失败: DLL load failed while importing rdMolDraw2D: 找不到指定的模块。
2026-02-03 20:46:07,306 - INFO - 随机森林预测器导入成功
2026-02-03 20:46:07,314 - INFO - GNN预测器导入成功
2026-02-03 20:46:09,699 - INFO - 随机森林预测器导入成功
2026-02-03 20:46:09,704 - INFO - GNN预测器导入成功
2026-02-03 20:46:09,747 - INFO - 预测成功: CN1C=NC2=C1C(=O)N(C(=O)N2C)C... -> 非活性 (0.101)
2026-02-03 20:46:09,769 - ERROR - 分子结构显示失败: DLL load failed while importing rdMolDraw2D: 找不到指定的模块。
2026-02-03 20:47:07,402 - INFO - 随机森林预测器导入成功
2026-02-03 20:47:07,410 - INFO - GNN预测器导入成功
2026-02-03 20:47:10,355 - INFO - 随机森林预测器导入成功
2026-02-03 20:47:10,360 - INFO - GNN预测器导入成功
2026-02-03 20:47:10,400 - INFO - 预测成功: CN1C=NC2=C1C(=O)N(C(=O)N2C)C... -> 非活性 (0.101)
2026-02-03 20:47:10,420 - ERROR - RDKit导入失败: DLL load failed while importing rdMolDraw2D: 找不到指定的模块。
2026-02-03 20:50:30,273 - INFO - 随机森林预测器导入成功
2026-02-03 20:50:30,277 - INFO - GNN预测器导入成功
2026-02-03 20:50:32,428 - INFO - 随机森林预测器导入成功
2026-02-03 20:50:32,430 - INFO - GNN预测器导入成功
2026-02-03 20:50:32,474 - INFO - 预测成功: CN1C=NC2=C1C(=O)N(C(=O)N2C)C... -> 非活性 (0.101)
2026-02-03 20:50:32,501 - WARNING - 分子结构显示失败: DLL load failed while importing rdMolDraw2D: 找不到指定的模块。
